<?xml version="1.0" encoding="UTF-8"?>
<testsuite xmlns:xsi="http://www.w3.org/2001/XMLSchema-instance" xsi:noNamespaceSchemaLocation="https://maven.apache.org/surefire/maven-surefire-plugin/xsd/surefire-test-report.xsd" version="3.0.2" name="com.co.bbva.api.clients.DemoClientsApplicationTest" time="5.128" tests="1" errors="0" skipped="0" failures="0">
  <properties>
[...]
</properties>
  <testcase name="main_withValidArgs_runsApplication" classname="com.co.bbva.api.clients.DemoClientsApplicationTest" time="5.11">
    <system-out><![CDATA[17:49:17.843 [main] INFO org.springframework.boot.devtools.restart.RestartApplicationListener -- Restart disabled due to context in which it is running

  .   ____          _            __ _ _
 /\\ / ___'_ __ _ _(_)_ __  __ _ \ \ \ \
( ( )\___ | '_ | '_| | '_ \/ _` | \ \ \ \
 \\/  ___)| |_)| | | | | || (_| |  ) ) ) )
  '  |____| .__|_| |_|_| |_\__, | / / / /
 =========|_|==============|___/=/_/_/_/

 :: Spring Boot ::                (v3.4.4)

2025-04-21T17:49:18.290-05:00  INFO 8111 --- [DemoClients] [           main] c.c.b.a.clients.DemoClientsApplication   : Starting DemoClientsApplication using Java 23.0.2 with PID 8111 (started by macbookpro in /Users/macbookpro/Documents/GitHub/SpringBootBBVA)
2025-04-21T17:49:18.292-05:00  INFO 8111 --- [DemoClients] [           main] c.c.b.a.clients.DemoClientsApplication   : No active profile set, falling back to 1 default profile: "default"
2025-04-21T17:49:19.143-05:00  INFO 8111 --- [DemoClients] [           main] .s.d.r.c.RepositoryConfigurationDelegate : Bootstrapping Spring Data JPA repositories in DEFAULT mode.
2025-04-21T17:49:19.206-05:00  INFO 8111 --- [DemoClients] [           main] .s.d.r.c.RepositoryConfigurationDelegate : Finished Spring Data repository scanning in 54 ms. Found 1 JPA repository interface.
2025-04-21T17:49:19.740-05:00  INFO 8111 --- [DemoClients] [           main] o.s.b.w.embedded.tomcat.TomcatWebServer  : Tomcat initialized with port 8090 (http)
2025-04-21T17:49:19.757-05:00  INFO 8111 --- [DemoClients] [           main] o.apache.catalina.core.StandardService   : Starting service [Tomcat]
2025-04-21T17:49:19.757-05:00  INFO 8111 --- [DemoClients] [           main] o.apache.catalina.core.StandardEngine    : Starting Servlet engine: [Apache Tomcat/10.1.39]
2025-04-21T17:49:19.808-05:00  INFO 8111 --- [DemoClients] [           main] o.a.c.c.C.[Tomcat].[localhost].[/]       : Initializing Spring embedded WebApplicationContext
2025-04-21T17:49:19.810-05:00  INFO 8111 --- [DemoClients] [           main] w.s.c.ServletWebServerApplicationContext : Root WebApplicationContext: initialization completed in 1469 ms
2025-04-21T17:49:19.922-05:00  INFO 8111 --- [DemoClients] [           main] com.zaxxer.hikari.HikariDataSource       : HikariPool-1 - Starting...
2025-04-21T17:49:20.115-05:00  INFO 8111 --- [DemoClients] [           main] com.zaxxer.hikari.pool.HikariPool        : HikariPool-1 - Added connection conn0: url=jdbc:h2:mem:demoClientsDB user=ADMIN
2025-04-21T17:49:20.117-05:00  INFO 8111 --- [DemoClients] [           main] com.zaxxer.hikari.HikariDataSource       : HikariPool-1 - Start completed.
2025-04-21T17:49:20.272-05:00  INFO 8111 --- [DemoClients] [           main] o.hibernate.jpa.internal.util.LogHelper  : HHH000204: Processing PersistenceUnitInfo [name: default]
2025-04-21T17:49:20.320-05:00  INFO 8111 --- [DemoClients] [           main] org.hibernate.Version                    : HHH000412: Hibernate ORM core version 6.6.11.Final
2025-04-21T17:49:20.356-05:00  INFO 8111 --- [DemoClients] [           main] o.h.c.internal.RegionFactoryInitiator    : HHH000026: Second-level cache disabled
2025-04-21T17:49:20.726-05:00  INFO 8111 --- [DemoClients] [           main] o.s.o.j.p.SpringPersistenceUnitInfo      : No LoadTimeWeaver setup: ignoring JPA class transformer
2025-04-21T17:49:20.783-05:00  WARN 8111 --- [DemoClients] [           main] org.hibernate.orm.deprecation            : HHH90000025: H2Dialect does not need to be specified explicitly using 'hibernate.dialect' (remove the property setting and it will be selected by default)
2025-04-21T17:49:20.803-05:00  INFO 8111 --- [DemoClients] [           main] org.hibernate.orm.connections.pooling    : HHH10001005: Database info:
	Database JDBC URL [Connecting through datasource 'HikariDataSource (HikariPool-1)']
	Database driver: undefined/unknown
	Database version: 2.3.232
	Autocommit mode: undefined/unknown
	Isolation level: undefined/unknown
	Minimum pool size: undefined/unknown
	Maximum pool size: undefined/unknown
2025-04-21T17:49:21.749-05:00  INFO 8111 --- [DemoClients] [           main] o.h.e.t.j.p.i.JtaPlatformInitiator       : HHH000489: No JTA platform available (set 'hibernate.transaction.jta.platform' to enable JTA platform integration)
Hibernate: alter table if exists clients alter column id set data type bigint
2025-04-21T17:49:21.813-05:00  INFO 8111 --- [DemoClients] [           main] j.LocalContainerEntityManagerFactoryBean : Initialized JPA EntityManagerFactory for persistence unit 'default'
2025-04-21T17:49:22.302-05:00  WARN 8111 --- [DemoClients] [           main] JpaBaseConfiguration$JpaWebConfiguration : spring.jpa.open-in-view is enabled by default. Therefore, database queries may be performed during view rendering. Explicitly configure spring.jpa.open-in-view to disable this warning
2025-04-21T17:49:22.344-05:00  INFO 8111 --- [DemoClients] [           main] o.s.v.b.OptionalValidatorFactoryBean     : Failed to set up a Bean Validation provider: jakarta.validation.NoProviderFoundException: Unable to create a Configuration, because no Jakarta Bean Validation provider could be found. Add a provider like Hibernate Validator (RI) to your classpath.
2025-04-21T17:49:22.708-05:00  INFO 8111 --- [DemoClients] [           main] o.s.b.a.h2.H2ConsoleAutoConfiguration    : H2 console available at '/h2-console'. Database available at 'jdbc:h2:mem:demoClientsDB'
2025-04-21T17:49:22.789-05:00  INFO 8111 --- [DemoClients] [           main] o.s.b.w.embedded.tomcat.TomcatWebServer  : Tomcat started on port 8090 (http) with context path '/'
2025-04-21T17:49:22.799-05:00  INFO 8111 --- [DemoClients] [           main] c.c.b.a.clients.DemoClientsApplication   : Started DemoClientsApplication in 4.967 seconds (process running for 5.933)
]]></system-out>
  </testcase>
</testsuite>